<?xml version="1.0" encoding="UTF-8"?>
<!-- Generated by org.testng.reporters.JUnitReportReporter -->
<testsuite hostname="DESKTOP-JB91CE0" failures="0" tests="2" name="tua.com.exam_13.QuestionNumberFive" time="25.407" errors="0" timestamp="2022-12-16T22:58:25 BDT" skipped="0">
  <testcase classname="tua.com.exam_13.QuestionNumberFive" name="openUrl" time="7.830"/>
  <system-out/>
  <testcase classname="tua.com.exam_13.QuestionNumberFive" name="daraz" time="17.577"/>
  <system-out/>
</testsuite> <!-- tua.com.exam_13.QuestionNumberFive -->
