<?xml version="1.0" encoding="UTF-8"?>
<!-- Generated by org.testng.reporters.JUnitReportReporter -->
<testsuite hostname="DESKTOP-JB91CE0" failures="0" tests="2" name="tua.com.exam_13.QuetionNumberThree" time="9.095" errors="0" timestamp="2022-12-16T22:59:56 BDT" skipped="0">
  <testcase classname="tua.com.exam_13.QuetionNumberThree" name="openUrl" time="4.773"/>
  <system-out/>
  <testcase classname="tua.com.exam_13.QuetionNumberThree" name="boxBtn" time="4.322"/>
  <system-out/>
</testsuite> <!-- tua.com.exam_13.QuetionNumberThree -->
