<?xml version="1.0" encoding="UTF-8"?>
<!-- Generated by org.testng.reporters.JUnitReportReporter -->
<testsuite hostname="DESKTOP-JB91CE0" failures="0" tests="2" name="tua.com.exam_13.QuetionNumberFour" time="14.436" errors="0" timestamp="2022-12-16T23:01:27 BDT" skipped="0">
  <testcase classname="tua.com.exam_13.QuetionNumberFour" name="openUrl" time="6.874"/>
  <system-out/>
  <testcase classname="tua.com.exam_13.QuetionNumberFour" name="alerts" time="7.562"/>
  <system-out/>
</testsuite> <!-- tua.com.exam_13.QuetionNumberFour -->
