<?xml version="1.0" encoding="UTF-8"?>
<!-- Generated by org.testng.reporters.JUnitReportReporter -->
<testsuite hostname="DESKTOP-JB91CE0" failures="0" tests="2" name="tua.com.exam_13.QuetionNumberTwo" time="7.330" errors="0" timestamp="2022-12-16T22:59:28 BDT" skipped="0">
  <testcase classname="tua.com.exam_13.QuetionNumberTwo" name="openUrl" time="5.108"/>
  <system-out/>
  <testcase classname="tua.com.exam_13.QuetionNumberTwo" name="dropDown" time="2.222"/>
  <system-out/>
</testsuite> <!-- tua.com.exam_13.QuetionNumberTwo -->
